::1 - - [Sun, 03 Jan 2016 10:24:12 GMT] "GET / HTTP/1.1" 200 730 "-" "Mozilla/5.0 (Windows NT 6.1; WOW64) AppleWebKit/537.36 (KHTML, like Gecko) Chrome/47.0.2526.73 Safari/537.36"
::1 - - [Sun, 03 Jan 2016 10:24:12 GMT] "GET /stylesheets/style.css HTTP/1.1" 304 - "http://localhost:3000/" "Mozilla/5.0 (Windows NT 6.1; WOW64) AppleWebKit/537.36 (KHTML, like Gecko) Chrome/47.0.2526.73 Safari/537.36"
::1 - - [Sun, 03 Jan 2016 10:24:18 GMT] "GET / HTTP/1.1" 304 - "http://localhost:3000/" "Mozilla/5.0 (Windows NT 6.1; WOW64) AppleWebKit/537.36 (KHTML, like Gecko) Chrome/47.0.2526.73 Safari/537.36"
::1 - - [Sun, 03 Jan 2016 10:24:18 GMT] "GET /stylesheets/style.css HTTP/1.1" 304 - "http://localhost:3000/" "Mozilla/5.0 (Windows NT 6.1; WOW64) AppleWebKit/537.36 (KHTML, like Gecko) Chrome/47.0.2526.73 Safari/537.36"
::1 - - [Sun, 03 Jan 2016 10:24:24 GMT] "GET /login HTTP/1.1" 200 892 "http://localhost:3000/" "Mozilla/5.0 (Windows NT 6.1; WOW64) AppleWebKit/537.36 (KHTML, like Gecko) Chrome/47.0.2526.73 Safari/537.36"
::1 - - [Sun, 03 Jan 2016 10:24:24 GMT] "GET /stylesheets/style.css HTTP/1.1" 304 - "http://localhost:3000/login" "Mozilla/5.0 (Windows NT 6.1; WOW64) AppleWebKit/537.36 (KHTML, like Gecko) Chrome/47.0.2526.73 Safari/537.36"
::1 - - [Sun, 03 Jan 2016 10:24:35 GMT] "POST /login HTTP/1.1" 302 56 "http://localhost:3000/login" "Mozilla/5.0 (Windows NT 6.1; WOW64) AppleWebKit/537.36 (KHTML, like Gecko) Chrome/47.0.2526.73 Safari/537.36"
::1 - - [Sun, 03 Jan 2016 10:24:35 GMT] "GET /login HTTP/1.1" 200 924 "http://localhost:3000/login" "Mozilla/5.0 (Windows NT 6.1; WOW64) AppleWebKit/537.36 (KHTML, like Gecko) Chrome/47.0.2526.73 Safari/537.36"
::1 - - [Sun, 03 Jan 2016 10:24:35 GMT] "GET /stylesheets/style.css HTTP/1.1" 304 - "http://localhost:3000/login" "Mozilla/5.0 (Windows NT 6.1; WOW64) AppleWebKit/537.36 (KHTML, like Gecko) Chrome/47.0.2526.73 Safari/537.36"
::1 - - [Sun, 03 Jan 2016 10:24:46 GMT] "POST /login HTTP/1.1" 302 56 "http://localhost:3000/login" "Mozilla/5.0 (Windows NT 6.1; WOW64) AppleWebKit/537.36 (KHTML, like Gecko) Chrome/47.0.2526.73 Safari/537.36"
::1 - - [Sun, 03 Jan 2016 10:24:46 GMT] "GET /login HTTP/1.1" 200 924 "http://localhost:3000/login" "Mozilla/5.0 (Windows NT 6.1; WOW64) AppleWebKit/537.36 (KHTML, like Gecko) Chrome/47.0.2526.73 Safari/537.36"
::1 - - [Sun, 03 Jan 2016 10:24:46 GMT] "GET /stylesheets/style.css HTTP/1.1" 304 - "http://localhost:3000/login" "Mozilla/5.0 (Windows NT 6.1; WOW64) AppleWebKit/537.36 (KHTML, like Gecko) Chrome/47.0.2526.73 Safari/537.36"
::1 - - [Sun, 03 Jan 2016 10:25:03 GMT] "GET /tags HTTP/1.1" 200 712 "http://localhost:3000/login" "Mozilla/5.0 (Windows NT 6.1; WOW64) AppleWebKit/537.36 (KHTML, like Gecko) Chrome/47.0.2526.73 Safari/537.36"
::1 - - [Sun, 03 Jan 2016 10:25:03 GMT] "GET /stylesheets/style.css HTTP/1.1" 304 - "http://localhost:3000/tags" "Mozilla/5.0 (Windows NT 6.1; WOW64) AppleWebKit/537.36 (KHTML, like Gecko) Chrome/47.0.2526.73 Safari/537.36"
::1 - - [Sun, 03 Jan 2016 10:25:52 GMT] "GET /tags HTTP/1.1" 200 847 "-" "Mozilla/5.0 (Windows NT 6.1; WOW64) AppleWebKit/537.36 (KHTML, like Gecko) Chrome/47.0.2526.73 Safari/537.36"
::1 - - [Sun, 03 Jan 2016 10:25:52 GMT] "GET /stylesheets/style.css HTTP/1.1" 304 - "http://localhost:3000/tags" "Mozilla/5.0 (Windows NT 6.1; WOW64) AppleWebKit/537.36 (KHTML, like Gecko) Chrome/47.0.2526.73 Safari/537.36"
::1 - - [Sun, 03 Jan 2016 10:25:55 GMT] "GET / HTTP/1.1" 200 9230 "http://localhost:3000/tags" "Mozilla/5.0 (Windows NT 6.1; WOW64) AppleWebKit/537.36 (KHTML, like Gecko) Chrome/47.0.2526.73 Safari/537.36"
::1 - - [Sun, 03 Jan 2016 10:25:55 GMT] "GET /stylesheets/style.css HTTP/1.1" 304 - "http://localhost:3000/" "Mozilla/5.0 (Windows NT 6.1; WOW64) AppleWebKit/537.36 (KHTML, like Gecko) Chrome/47.0.2526.73 Safari/537.36"
::1 - - [Sun, 03 Jan 2016 10:25:55 GMT] "GET /images/%E4%B8%8A%E5%96%84%E8%8B%A5%E6%B0%B4%E7%BC%A9%E5%BE%AE%E7%89%88.jpg HTTP/1.1" 304 - "http://localhost:3000/" "Mozilla/5.0 (Windows NT 6.1; WOW64) AppleWebKit/537.36 (KHTML, like Gecko) Chrome/47.0.2526.73 Safari/537.36"
::1 - - [Sun, 03 Jan 2016 10:26:56 GMT] "GET / HTTP/1.1" 200 9230 "-" "Mozilla/5.0 (Windows NT 6.1; WOW64; Trident/7.0; rv:11.0) like Gecko"
::1 - - [Sun, 03 Jan 2016 10:26:56 GMT] "GET /stylesheets/style.css HTTP/1.1" 304 - "http://localhost:3000/" "Mozilla/5.0 (Windows NT 6.1; WOW64; Trident/7.0; rv:11.0) like Gecko"
::1 - - [Sun, 03 Jan 2016 10:26:56 GMT] "GET /images/%E4%B8%8A%E5%96%84%E8%8B%A5%E6%B0%B4%E7%BC%A9%E5%BE%AE%E7%89%88.jpg HTTP/1.1" 200 79094 "http://localhost:3000/" "Mozilla/5.0 (Windows NT 6.1; WOW64; Trident/7.0; rv:11.0) like Gecko"
::1 - - [Sun, 03 Jan 2016 10:27:20 GMT] "GET / HTTP/1.1" 304 - "-" "Mozilla/5.0 (Windows NT 6.1; WOW64; Trident/7.0; rv:11.0) like Gecko"
::1 - - [Sun, 03 Jan 2016 10:27:20 GMT] "GET /stylesheets/style.css HTTP/1.1" 304 - "http://localhost:3000/" "Mozilla/5.0 (Windows NT 6.1; WOW64; Trident/7.0; rv:11.0) like Gecko"
::1 - - [Sun, 03 Jan 2016 10:27:20 GMT] "GET /images/%E4%B8%8A%E5%96%84%E8%8B%A5%E6%B0%B4%E7%BC%A9%E5%BE%AE%E7%89%88.jpg HTTP/1.1" 304 - "http://localhost:3000/" "Mozilla/5.0 (Windows NT 6.1; WOW64; Trident/7.0; rv:11.0) like Gecko"
::1 - - [Sun, 03 Jan 2016 10:27:39 GMT] "GET /reg HTTP/1.1" 200 1025 "http://localhost:3000/" "Mozilla/5.0 (Windows NT 6.1; WOW64; Trident/7.0; rv:11.0) like Gecko"
::1 - - [Sun, 03 Jan 2016 10:27:39 GMT] "GET /stylesheets/style.css HTTP/1.1" 304 - "http://localhost:3000/reg" "Mozilla/5.0 (Windows NT 6.1; WOW64; Trident/7.0; rv:11.0) like Gecko"
::1 - - [Sun, 03 Jan 2016 10:29:47 GMT] "POST /reg HTTP/1.1" 302 46 "http://localhost:3000/reg" "Mozilla/5.0 (Windows NT 6.1; WOW64; Trident/7.0; rv:11.0) like Gecko"
::1 - - [Sun, 03 Jan 2016 10:29:47 GMT] "GET / HTTP/1.1" 200 9316 "http://localhost:3000/reg" "Mozilla/5.0 (Windows NT 6.1; WOW64; Trident/7.0; rv:11.0) like Gecko"
::1 - - [Sun, 03 Jan 2016 10:29:47 GMT] "GET /images/%E4%B8%8A%E5%96%84%E8%8B%A5%E6%B0%B4%E7%BC%A9%E5%BE%AE%E7%89%88.jpg HTTP/1.1" 304 - "http://localhost:3000/" "Mozilla/5.0 (Windows NT 6.1; WOW64; Trident/7.0; rv:11.0) like Gecko"
::1 - - [Sun, 03 Jan 2016 10:29:47 GMT] "GET /stylesheets/style.css HTTP/1.1" 304 - "http://localhost:3000/" "Mozilla/5.0 (Windows NT 6.1; WOW64; Trident/7.0; rv:11.0) like Gecko"
::1 - - [Sun, 03 Jan 2016 10:29:51 GMT] "GET /u/chenlocus/2016-1-1/2016%E5%B9%B41%E6%9C%881%E6%97%A5 HTTP/1.1" 200 2102 "http://localhost:3000/" "Mozilla/5.0 (Windows NT 6.1; WOW64; Trident/7.0; rv:11.0) like Gecko"
::1 - - [Sun, 03 Jan 2016 10:29:51 GMT] "GET /stylesheets/style.css HTTP/1.1" 304 - "http://localhost:3000/u/chenlocus/2016-1-1/2016年1月1日" "Mozilla/5.0 (Windows NT 6.1; WOW64; Trident/7.0; rv:11.0) like Gecko"
::1 - - [Sun, 03 Jan 2016 10:30:02 GMT] "GET /post HTTP/1.1" 200 1098 "http://localhost:3000/u/chenlocus/2016-1-1/2016年1月1日" "Mozilla/5.0 (Windows NT 6.1; WOW64; Trident/7.0; rv:11.0) like Gecko"
::1 - - [Sun, 03 Jan 2016 10:30:02 GMT] "GET /stylesheets/style.css HTTP/1.1" 304 - "http://localhost:3000/post" "Mozilla/5.0 (Windows NT 6.1; WOW64; Trident/7.0; rv:11.0) like Gecko"
::1 - - [Sun, 03 Jan 2016 10:30:06 GMT] "GET / HTTP/1.1" 200 9288 "http://localhost:3000/post" "Mozilla/5.0 (Windows NT 6.1; WOW64; Trident/7.0; rv:11.0) like Gecko"
::1 - - [Sun, 03 Jan 2016 10:30:06 GMT] "GET /images/%E4%B8%8A%E5%96%84%E8%8B%A5%E6%B0%B4%E7%BC%A9%E5%BE%AE%E7%89%88.jpg HTTP/1.1" 304 - "http://localhost:3000/" "Mozilla/5.0 (Windows NT 6.1; WOW64; Trident/7.0; rv:11.0) like Gecko"
::1 - - [Sun, 03 Jan 2016 10:30:06 GMT] "GET /stylesheets/style.css HTTP/1.1" 304 - "http://localhost:3000/" "Mozilla/5.0 (Windows NT 6.1; WOW64; Trident/7.0; rv:11.0) like Gecko"
::1 - - [Sun, 03 Jan 2016 10:30:10 GMT] "GET /u/chenlocus HTTP/1.1" 200 9341 "http://localhost:3000/" "Mozilla/5.0 (Windows NT 6.1; WOW64; Trident/7.0; rv:11.0) like Gecko"
::1 - - [Sun, 03 Jan 2016 10:30:10 GMT] "GET /stylesheets/style.css HTTP/1.1" 304 - "http://localhost:3000/u/chenlocus" "Mozilla/5.0 (Windows NT 6.1; WOW64; Trident/7.0; rv:11.0) like Gecko"
::1 - - [Sun, 03 Jan 2016 10:30:10 GMT] "GET /images/%E4%B8%8A%E5%96%84%E8%8B%A5%E6%B0%B4%E7%BC%A9%E5%BE%AE%E7%89%88.jpg HTTP/1.1" 304 - "http://localhost:3000/u/chenlocus" "Mozilla/5.0 (Windows NT 6.1; WOW64; Trident/7.0; rv:11.0) like Gecko"
::1 - - [Sun, 03 Jan 2016 10:30:15 GMT] "GET /u/chenlocus/2016-1-1/2016%E5%B9%B41%E6%9C%881%E6%97%A5 HTTP/1.1" 200 2102 "http://localhost:3000/u/chenlocus" "Mozilla/5.0 (Windows NT 6.1; WOW64; Trident/7.0; rv:11.0) like Gecko"
::1 - - [Sun, 03 Jan 2016 10:30:15 GMT] "GET /stylesheets/style.css HTTP/1.1" 304 - "http://localhost:3000/u/chenlocus/2016-1-1/2016年1月1日" "Mozilla/5.0 (Windows NT 6.1; WOW64; Trident/7.0; rv:11.0) like Gecko"
::1 - - [Sun, 03 Jan 2016 10:30:18 GMT] "GET /reprint/chenlocus/2016-1-1/2016%E5%B9%B41%E6%9C%881%E6%97%A5 HTTP/1.1" 302 200 "http://localhost:3000/u/chenlocus/2016-1-1/2016年1月1日" "Mozilla/5.0 (Windows NT 6.1; WOW64; Trident/7.0; rv:11.0) like Gecko"
::1 - - [Sun, 03 Jan 2016 10:30:18 GMT] "GET /u/gentlesp/2016-1-3/%5B%E8%BD%AC%E8%BD%BD%5D2016%E5%B9%B41%E6%9C%881%E6%97%A5 HTTP/1.1" 200 2312 "http://localhost:3000/u/chenlocus/2016-1-1/2016年1月1日" "Mozilla/5.0 (Windows NT 6.1; WOW64; Trident/7.0; rv:11.0) like Gecko"
::1 - - [Sun, 03 Jan 2016 10:30:18 GMT] "GET /stylesheets/style.css HTTP/1.1" 304 - "http://localhost:3000/u/gentlesp/2016-1-3/%5B%E8%BD%AC%E8%BD%BD%5D2016%E5%B9%B41%E6%9C%881%E6%97%A5" "Mozilla/5.0 (Windows NT 6.1; WOW64; Trident/7.0; rv:11.0) like Gecko"
::1 - - [Sun, 03 Jan 2016 10:30:22 GMT] "GET /edit/gentlesp/2016-1-3/[%E8%BD%AC%E8%BD%BD]2016%E5%B9%B41%E6%9C%881%E6%97%A5 HTTP/1.1" 200 1790 "http://localhost:3000/u/gentlesp/2016-1-3/%5B%E8%BD%AC%E8%BD%BD%5D2016%E5%B9%B41%E6%9C%881%E6%97%A5" "Mozilla/5.0 (Windows NT 6.1; WOW64; Trident/7.0; rv:11.0) like Gecko"
::1 - - [Sun, 03 Jan 2016 10:30:22 GMT] "GET /stylesheets/style.css HTTP/1.1" 304 - "http://localhost:3000/edit/gentlesp/2016-1-3/[转载]2016年1月1日" "Mozilla/5.0 (Windows NT 6.1; WOW64; Trident/7.0; rv:11.0) like Gecko"
::1 - - [Sun, 03 Jan 2016 10:30:28 GMT] "POST /edit/gentlesp/2016-1-3/[%E8%BD%AC%E8%BD%BD]2016%E5%B9%B41%E6%9C%881%E6%97%A5 HTTP/1.1" 302 200 "http://localhost:3000/edit/gentlesp/2016-1-3/[转载]2016年1月1日" "Mozilla/5.0 (Windows NT 6.1; WOW64; Trident/7.0; rv:11.0) like Gecko"
::1 - - [Sun, 03 Jan 2016 10:30:28 GMT] "GET /u/gentlesp/2016-1-3/%5B%E8%BD%AC%E8%BD%BD%5D2016%E5%B9%B41%E6%9C%881%E6%97%A5 HTTP/1.1" 200 2312 "http://localhost:3000/edit/gentlesp/2016-1-3/[转载]2016年1月1日" "Mozilla/5.0 (Windows NT 6.1; WOW64; Trident/7.0; rv:11.0) like Gecko"
::1 - - [Sun, 03 Jan 2016 10:30:28 GMT] "GET /stylesheets/style.css HTTP/1.1" 304 - "http://localhost:3000/u/gentlesp/2016-1-3/%5B%E8%BD%AC%E8%BD%BD%5D2016%E5%B9%B41%E6%9C%881%E6%97%A5" "Mozilla/5.0 (Windows NT 6.1; WOW64; Trident/7.0; rv:11.0) like Gecko"
::1 - - [Sun, 03 Jan 2016 10:30:44 GMT] "GET / HTTP/1.1" 200 10416 "http://localhost:3000/" "Mozilla/5.0 (Windows NT 6.1; WOW64) AppleWebKit/537.36 (KHTML, like Gecko) Chrome/47.0.2526.73 Safari/537.36"
::1 - - [Sun, 03 Jan 2016 10:30:44 GMT] "GET /stylesheets/style.css HTTP/1.1" 304 - "http://localhost:3000/" "Mozilla/5.0 (Windows NT 6.1; WOW64) AppleWebKit/537.36 (KHTML, like Gecko) Chrome/47.0.2526.73 Safari/537.36"
::1 - - [Sun, 03 Jan 2016 10:30:44 GMT] "GET /images/%E4%B8%8A%E5%96%84%E8%8B%A5%E6%B0%B4%E7%BC%A9%E5%BE%AE%E7%89%88.jpg HTTP/1.1" 304 - "http://localhost:3000/" "Mozilla/5.0 (Windows NT 6.1; WOW64) AppleWebKit/537.36 (KHTML, like Gecko) Chrome/47.0.2526.73 Safari/537.36"
::1 - - [Sun, 03 Jan 2016 10:31:14 GMT] "GET / HTTP/1.1" 200 10474 "http://localhost:3000/u/gentlesp/2016-1-3/%5B%E8%BD%AC%E8%BD%BD%5D2016%E5%B9%B41%E6%9C%881%E6%97%A5" "Mozilla/5.0 (Windows NT 6.1; WOW64; Trident/7.0; rv:11.0) like Gecko"
::1 - - [Sun, 03 Jan 2016 10:31:14 GMT] "GET /stylesheets/style.css HTTP/1.1" 304 - "http://localhost:3000/" "Mozilla/5.0 (Windows NT 6.1; WOW64; Trident/7.0; rv:11.0) like Gecko"
::1 - - [Sun, 03 Jan 2016 10:31:14 GMT] "GET /images/%E4%B8%8A%E5%96%84%E8%8B%A5%E6%B0%B4%E7%BC%A9%E5%BE%AE%E7%89%88.jpg HTTP/1.1" 304 - "http://localhost:3000/" "Mozilla/5.0 (Windows NT 6.1; WOW64; Trident/7.0; rv:11.0) like Gecko"
::1 - - [Sun, 03 Jan 2016 10:31:18 GMT] "GET /u/chenlocus/2015-12-24/%E4%B8%87%E7%A7%91%E5%AE%89%E9%82%A6%E6%B7%B1%E5%A4%9C%E8%A1%A8%E6%80%81%E4%BA%92%E7%9B%B8%E6%94%AF%E6%8C%81%20%E5%AE%A3%E5%B8%83%E8%81%94%E6%89%8B HTTP/1.1" 200 6427 "http://localhost:3000/" "Mozilla/5.0 (Windows NT 6.1; WOW64; Trident/7.0; rv:11.0) like Gecko"
::1 - - [Sun, 03 Jan 2016 10:31:18 GMT] "GET /stylesheets/style.css HTTP/1.1" 304 - "http://localhost:3000/u/chenlocus/2015-12-24/万科安邦深夜表态互相支持%20宣布联手" "Mozilla/5.0 (Windows NT 6.1; WOW64; Trident/7.0; rv:11.0) like Gecko"
::1 - - [Sun, 03 Jan 2016 10:31:22 GMT] "GET /reprint/chenlocus/2015-12-24/%E4%B8%87%E7%A7%91%E5%AE%89%E9%82%A6%E6%B7%B1%E5%A4%9C%E8%A1%A8%E6%80%81%E4%BA%92%E7%9B%B8%E6%94%AF%E6%8C%81%20%E5%AE%A3%E5%B8%83%E8%81%94%E6%89%8B HTTP/1.1" 302 428 "http://localhost:3000/u/chenlocus/2015-12-24/万科安邦深夜表态互相支持%20宣布联手" "Mozilla/5.0 (Windows NT 6.1; WOW64; Trident/7.0; rv:11.0) like Gecko"
::1 - - [Sun, 03 Jan 2016 10:31:22 GMT] "GET /u/gentlesp/2016-1-3/%5B%E8%BD%AC%E8%BD%BD%5D%E4%B8%87%E7%A7%91%E5%AE%89%E9%82%A6%E6%B7%B1%E5%A4%9C%E8%A1%A8%E6%80%81%E4%BA%92%E7%9B%B8%E6%94%AF%E6%8C%81%20%E5%AE%A3%E5%B8%83%E8%81%94%E6%89%8B HTTP/1.1" 200 6703 "http://localhost:3000/u/chenlocus/2015-12-24/万科安邦深夜表态互相支持%20宣布联手" "Mozilla/5.0 (Windows NT 6.1; WOW64; Trident/7.0; rv:11.0) like Gecko"
::1 - - [Sun, 03 Jan 2016 10:31:22 GMT] "GET /stylesheets/style.css HTTP/1.1" 304 - "http://localhost:3000/u/gentlesp/2016-1-3/%5B%E8%BD%AC%E8%BD%BD%5D%E4%B8%87%E7%A7%91%E5%AE%89%E9%82%A6%E6%B7%B1%E5%A4%9C%E8%A1%A8%E6%80%81%E4%BA%92%E7%9B%B8%E6%94%AF%E6%8C%81%20%E5%AE%A3%E5%B8%83%E8%81%94%E6%89%8B" "Mozilla/5.0 (Windows NT 6.1; WOW64; Trident/7.0; rv:11.0) like Gecko"
::1 - - [Sun, 03 Jan 2016 10:31:25 GMT] "GET / HTTP/1.1" 200 16017 "http://localhost:3000/u/gentlesp/2016-1-3/%5B%E8%BD%AC%E8%BD%BD%5D%E4%B8%87%E7%A7%91%E5%AE%89%E9%82%A6%E6%B7%B1%E5%A4%9C%E8%A1%A8%E6%80%81%E4%BA%92%E7%9B%B8%E6%94%AF%E6%8C%81%20%E5%AE%A3%E5%B8%83%E8%81%94%E6%89%8B" "Mozilla/5.0 (Windows NT 6.1; WOW64; Trident/7.0; rv:11.0) like Gecko"
::1 - - [Sun, 03 Jan 2016 10:31:25 GMT] "GET /images/%E4%B8%8A%E5%96%84%E8%8B%A5%E6%B0%B4%E7%BC%A9%E5%BE%AE%E7%89%88.jpg HTTP/1.1" 304 - "http://localhost:3000/" "Mozilla/5.0 (Windows NT 6.1; WOW64; Trident/7.0; rv:11.0) like Gecko"
::1 - - [Sun, 03 Jan 2016 10:31:25 GMT] "GET /stylesheets/style.css HTTP/1.1" 304 - "http://localhost:3000/" "Mozilla/5.0 (Windows NT 6.1; WOW64; Trident/7.0; rv:11.0) like Gecko"
::1 - - [Sun, 03 Jan 2016 10:32:45 GMT] "GET /post HTTP/1.1" 304 - "http://localhost:3000/" "Mozilla/5.0 (Windows NT 6.1; WOW64; Trident/7.0; rv:11.0) like Gecko"
::1 - - [Sun, 03 Jan 2016 10:32:45 GMT] "GET /stylesheets/style.css HTTP/1.1" 304 - "http://localhost:3000/post" "Mozilla/5.0 (Windows NT 6.1; WOW64; Trident/7.0; rv:11.0) like Gecko"
::1 - - [Sun, 03 Jan 2016 10:34:20 GMT] "POST /post HTTP/1.1" 302 46 "http://localhost:3000/post" "Mozilla/5.0 (Windows NT 6.1; WOW64; Trident/7.0; rv:11.0) like Gecko"
::1 - - [Sun, 03 Jan 2016 10:34:20 GMT] "GET / HTTP/1.1" 200 17128 "http://localhost:3000/post" "Mozilla/5.0 (Windows NT 6.1; WOW64; Trident/7.0; rv:11.0) like Gecko"
::1 - - [Sun, 03 Jan 2016 10:34:20 GMT] "GET /stylesheets/style.css HTTP/1.1" 304 - "http://localhost:3000/" "Mozilla/5.0 (Windows NT 6.1; WOW64; Trident/7.0; rv:11.0) like Gecko"
::1 - - [Sun, 03 Jan 2016 10:34:20 GMT] "GET /images/%E4%B8%8A%E5%96%84%E8%8B%A5%E6%B0%B4%E7%BC%A9%E5%BE%AE%E7%89%88.jpg HTTP/1.1" 304 - "http://localhost:3000/" "Mozilla/5.0 (Windows NT 6.1; WOW64; Trident/7.0; rv:11.0) like Gecko"
::1 - - [Sun, 03 Jan 2016 10:34:27 GMT] "GET / HTTP/1.1" 200 17042 "http://localhost:3000/" "Mozilla/5.0 (Windows NT 6.1; WOW64) AppleWebKit/537.36 (KHTML, like Gecko) Chrome/47.0.2526.73 Safari/537.36"
::1 - - [Sun, 03 Jan 2016 10:34:27 GMT] "GET /stylesheets/style.css HTTP/1.1" 304 - "http://localhost:3000/" "Mozilla/5.0 (Windows NT 6.1; WOW64) AppleWebKit/537.36 (KHTML, like Gecko) Chrome/47.0.2526.73 Safari/537.36"
::1 - - [Sun, 03 Jan 2016 10:34:27 GMT] "GET /images/%E4%B8%8A%E5%96%84%E8%8B%A5%E6%B0%B4%E7%BC%A9%E5%BE%AE%E7%89%88.jpg HTTP/1.1" 304 - "http://localhost:3000/" "Mozilla/5.0 (Windows NT 6.1; WOW64) AppleWebKit/537.36 (KHTML, like Gecko) Chrome/47.0.2526.73 Safari/537.36"
::1 - - [Sun, 03 Jan 2016 10:34:31 GMT] "GET /u/gentlesp/2016-1-3/%E5%B7%B2%E7%BB%8F%E8%AE%BE%E7%BD%AE%E4%B8%BA%E7%A7%81%E4%BA%BA%E5%8D%9A%E5%AE%A2%EF%BC%8C%E4%BD%86%E6%96%87%E7%AB%A0%E8%BF%98%E6%98%AF%E8%83%BD%E8%A2%AB%E4%BA%BA%E6%90%9C%E5%87%BA%E6%9D%A5%E9%98%85%E8%AF%BB%EF%BC%8C%E6%B1%82%E5%8A%A9%EF%BC%81%E6%80%A5 HTTP/1.1" 200 1816 "http://localhost:3000/" "Mozilla/5.0 (Windows NT 6.1; WOW64) AppleWebKit/537.36 (KHTML, like Gecko) Chrome/47.0.2526.73 Safari/537.36"
::1 - - [Sun, 03 Jan 2016 10:34:31 GMT] "GET /stylesheets/style.css HTTP/1.1" 304 - "http://localhost:3000/u/gentlesp/2016-1-3/%E5%B7%B2%E7%BB%8F%E8%AE%BE%E7%BD%AE%E4%B8%BA%E7%A7%81%E4%BA%BA%E5%8D%9A%E5%AE%A2%EF%BC%8C%E4%BD%86%E6%96%87%E7%AB%A0%E8%BF%98%E6%98%AF%E8%83%BD%E8%A2%AB%E4%BA%BA%E6%90%9C%E5%87%BA%E6%9D%A5%E9%98%85%E8%AF%BB%EF%BC%8C%E6%B1%82%E5%8A%A9%EF%BC%81%E6%80%A5" "Mozilla/5.0 (Windows NT 6.1; WOW64) AppleWebKit/537.36 (KHTML, like Gecko) Chrome/47.0.2526.73 Safari/537.36"
::1 - - [Sun, 03 Jan 2016 10:34:43 GMT] "GET /u/gentlesp/2016-1-3/%E5%B7%B2%E7%BB%8F%E8%AE%BE%E7%BD%AE%E4%B8%BA%E7%A7%81%E4%BA%BA%E5%8D%9A%E5%AE%A2%EF%BC%8C%E4%BD%86%E6%96%87%E7%AB%A0%E8%BF%98%E6%98%AF%E8%83%BD%E8%A2%AB%E4%BA%BA%E6%90%9C%E5%87%BA%E6%9D%A5%E9%98%85%E8%AF%BB%EF%BC%8C%E6%B1%82%E5%8A%A9%EF%BC%81%E6%80%A5 HTTP/1.1" 200 1816 "http://localhost:3000/" "Mozilla/5.0 (Windows NT 6.1; WOW64) AppleWebKit/537.36 (KHTML, like Gecko) Chrome/47.0.2526.73 Safari/537.36"
::1 - - [Sun, 03 Jan 2016 10:34:43 GMT] "GET /stylesheets/style.css HTTP/1.1" 304 - "http://localhost:3000/u/gentlesp/2016-1-3/%E5%B7%B2%E7%BB%8F%E8%AE%BE%E7%BD%AE%E4%B8%BA%E7%A7%81%E4%BA%BA%E5%8D%9A%E5%AE%A2%EF%BC%8C%E4%BD%86%E6%96%87%E7%AB%A0%E8%BF%98%E6%98%AF%E8%83%BD%E8%A2%AB%E4%BA%BA%E6%90%9C%E5%87%BA%E6%9D%A5%E9%98%85%E8%AF%BB%EF%BC%8C%E6%B1%82%E5%8A%A9%EF%BC%81%E6%80%A5" "Mozilla/5.0 (Windows NT 6.1; WOW64) AppleWebKit/537.36 (KHTML, like Gecko) Chrome/47.0.2526.73 Safari/537.36"
::1 - - [Sun, 03 Jan 2016 10:34:52 GMT] "GET / HTTP/1.1" 200 17042 "http://localhost:3000/u/gentlesp/2016-1-3/%E5%B7%B2%E7%BB%8F%E8%AE%BE%E7%BD%AE%E4%B8%BA%E7%A7%81%E4%BA%BA%E5%8D%9A%E5%AE%A2%EF%BC%8C%E4%BD%86%E6%96%87%E7%AB%A0%E8%BF%98%E6%98%AF%E8%83%BD%E8%A2%AB%E4%BA%BA%E6%90%9C%E5%87%BA%E6%9D%A5%E9%98%85%E8%AF%BB%EF%BC%8C%E6%B1%82%E5%8A%A9%EF%BC%81%E6%80%A5" "Mozilla/5.0 (Windows NT 6.1; WOW64) AppleWebKit/537.36 (KHTML, like Gecko) Chrome/47.0.2526.73 Safari/537.36"
::1 - - [Sun, 03 Jan 2016 10:34:52 GMT] "GET /stylesheets/style.css HTTP/1.1" 304 - "http://localhost:3000/" "Mozilla/5.0 (Windows NT 6.1; WOW64) AppleWebKit/537.36 (KHTML, like Gecko) Chrome/47.0.2526.73 Safari/537.36"
::1 - - [Sun, 03 Jan 2016 10:34:52 GMT] "GET /images/%E4%B8%8A%E5%96%84%E8%8B%A5%E6%B0%B4%E7%BC%A9%E5%BE%AE%E7%89%88.jpg HTTP/1.1" 304 - "http://localhost:3000/" "Mozilla/5.0 (Windows NT 6.1; WOW64) AppleWebKit/537.36 (KHTML, like Gecko) Chrome/47.0.2526.73 Safari/537.36"
::1 - - [Sun, 03 Jan 2016 10:34:54 GMT] "GET /u/gentlesp/2016-1-3/%E5%B7%B2%E7%BB%8F%E8%AE%BE%E7%BD%AE%E4%B8%BA%E7%A7%81%E4%BA%BA%E5%8D%9A%E5%AE%A2%EF%BC%8C%E4%BD%86%E6%96%87%E7%AB%A0%E8%BF%98%E6%98%AF%E8%83%BD%E8%A2%AB%E4%BA%BA%E6%90%9C%E5%87%BA%E6%9D%A5%E9%98%85%E8%AF%BB%EF%BC%8C%E6%B1%82%E5%8A%A9%EF%BC%81%E6%80%A5 HTTP/1.1" 200 1816 "http://localhost:3000/" "Mozilla/5.0 (Windows NT 6.1; WOW64) AppleWebKit/537.36 (KHTML, like Gecko) Chrome/47.0.2526.73 Safari/537.36"
::1 - - [Sun, 03 Jan 2016 10:34:54 GMT] "GET /stylesheets/style.css HTTP/1.1" 304 - "http://localhost:3000/u/gentlesp/2016-1-3/%E5%B7%B2%E7%BB%8F%E8%AE%BE%E7%BD%AE%E4%B8%BA%E7%A7%81%E4%BA%BA%E5%8D%9A%E5%AE%A2%EF%BC%8C%E4%BD%86%E6%96%87%E7%AB%A0%E8%BF%98%E6%98%AF%E8%83%BD%E8%A2%AB%E4%BA%BA%E6%90%9C%E5%87%BA%E6%9D%A5%E9%98%85%E8%AF%BB%EF%BC%8C%E6%B1%82%E5%8A%A9%EF%BC%81%E6%80%A5" "Mozilla/5.0 (Windows NT 6.1; WOW64) AppleWebKit/537.36 (KHTML, like Gecko) Chrome/47.0.2526.73 Safari/537.36"
::1 - - [Sun, 03 Jan 2016 10:35:07 GMT] "GET /login HTTP/1.1" 200 892 "http://localhost:3000/u/gentlesp/2016-1-3/%E5%B7%B2%E7%BB%8F%E8%AE%BE%E7%BD%AE%E4%B8%BA%E7%A7%81%E4%BA%BA%E5%8D%9A%E5%AE%A2%EF%BC%8C%E4%BD%86%E6%96%87%E7%AB%A0%E8%BF%98%E6%98%AF%E8%83%BD%E8%A2%AB%E4%BA%BA%E6%90%9C%E5%87%BA%E6%9D%A5%E9%98%85%E8%AF%BB%EF%BC%8C%E6%B1%82%E5%8A%A9%EF%BC%81%E6%80%A5" "Mozilla/5.0 (Windows NT 6.1; WOW64) AppleWebKit/537.36 (KHTML, like Gecko) Chrome/47.0.2526.73 Safari/537.36"
::1 - - [Sun, 03 Jan 2016 10:35:07 GMT] "GET /stylesheets/style.css HTTP/1.1" 304 - "http://localhost:3000/login" "Mozilla/5.0 (Windows NT 6.1; WOW64) AppleWebKit/537.36 (KHTML, like Gecko) Chrome/47.0.2526.73 Safari/537.36"
::1 - - [Sun, 03 Jan 2016 10:35:20 GMT] "POST /login HTTP/1.1" 302 46 "http://localhost:3000/login" "Mozilla/5.0 (Windows NT 6.1; WOW64) AppleWebKit/537.36 (KHTML, like Gecko) Chrome/47.0.2526.73 Safari/537.36"
::1 - - [Sun, 03 Jan 2016 10:35:20 GMT] "GET / HTTP/1.1" 200 17128 "http://localhost:3000/login" "Mozilla/5.0 (Windows NT 6.1; WOW64) AppleWebKit/537.36 (KHTML, like Gecko) Chrome/47.0.2526.73 Safari/537.36"
::1 - - [Sun, 03 Jan 2016 10:35:20 GMT] "GET /stylesheets/style.css HTTP/1.1" 304 - "http://localhost:3000/" "Mozilla/5.0 (Windows NT 6.1; WOW64) AppleWebKit/537.36 (KHTML, like Gecko) Chrome/47.0.2526.73 Safari/537.36"
::1 - - [Sun, 03 Jan 2016 10:35:20 GMT] "GET /images/%E4%B8%8A%E5%96%84%E8%8B%A5%E6%B0%B4%E7%BC%A9%E5%BE%AE%E7%89%88.jpg HTTP/1.1" 304 - "http://localhost:3000/" "Mozilla/5.0 (Windows NT 6.1; WOW64) AppleWebKit/537.36 (KHTML, like Gecko) Chrome/47.0.2526.73 Safari/537.36"
::1 - - [Sun, 03 Jan 2016 10:35:22 GMT] "GET /u/gentlesp/2016-1-3/%E5%B7%B2%E7%BB%8F%E8%AE%BE%E7%BD%AE%E4%B8%BA%E7%A7%81%E4%BA%BA%E5%8D%9A%E5%AE%A2%EF%BC%8C%E4%BD%86%E6%96%87%E7%AB%A0%E8%BF%98%E6%98%AF%E8%83%BD%E8%A2%AB%E4%BA%BA%E6%90%9C%E5%87%BA%E6%9D%A5%E9%98%85%E8%AF%BB%EF%BC%8C%E6%B1%82%E5%8A%A9%EF%BC%81%E6%80%A5 HTTP/1.1" 200 2098 "http://localhost:3000/" "Mozilla/5.0 (Windows NT 6.1; WOW64) AppleWebKit/537.36 (KHTML, like Gecko) Chrome/47.0.2526.73 Safari/537.36"
::1 - - [Sun, 03 Jan 2016 10:35:22 GMT] "GET /stylesheets/style.css HTTP/1.1" 304 - "http://localhost:3000/u/gentlesp/2016-1-3/%E5%B7%B2%E7%BB%8F%E8%AE%BE%E7%BD%AE%E4%B8%BA%E7%A7%81%E4%BA%BA%E5%8D%9A%E5%AE%A2%EF%BC%8C%E4%BD%86%E6%96%87%E7%AB%A0%E8%BF%98%E6%98%AF%E8%83%BD%E8%A2%AB%E4%BA%BA%E6%90%9C%E5%87%BA%E6%9D%A5%E9%98%85%E8%AF%BB%EF%BC%8C%E6%B1%82%E5%8A%A9%EF%BC%81%E6%80%A5" "Mozilla/5.0 (Windows NT 6.1; WOW64) AppleWebKit/537.36 (KHTML, like Gecko) Chrome/47.0.2526.73 Safari/537.36"
::1 - - [Sun, 03 Jan 2016 10:35:29 GMT] "GET / HTTP/1.1" 200 17100 "http://localhost:3000/" "Mozilla/5.0 (Windows NT 6.1; WOW64; Trident/7.0; rv:11.0) like Gecko"
::1 - - [Sun, 03 Jan 2016 10:35:29 GMT] "GET /stylesheets/style.css HTTP/1.1" 304 - "http://localhost:3000/" "Mozilla/5.0 (Windows NT 6.1; WOW64; Trident/7.0; rv:11.0) like Gecko"
::1 - - [Sun, 03 Jan 2016 10:35:29 GMT] "GET /images/%E4%B8%8A%E5%96%84%E8%8B%A5%E6%B0%B4%E7%BC%A9%E5%BE%AE%E7%89%88.jpg HTTP/1.1" 304 - "http://localhost:3000/" "Mozilla/5.0 (Windows NT 6.1; WOW64; Trident/7.0; rv:11.0) like Gecko"
::1 - - [Sun, 03 Jan 2016 10:35:39 GMT] "GET / HTTP/1.1" 200 17100 "http://localhost:3000/u/gentlesp/2016-1-3/%E5%B7%B2%E7%BB%8F%E8%AE%BE%E7%BD%AE%E4%B8%BA%E7%A7%81%E4%BA%BA%E5%8D%9A%E5%AE%A2%EF%BC%8C%E4%BD%86%E6%96%87%E7%AB%A0%E8%BF%98%E6%98%AF%E8%83%BD%E8%A2%AB%E4%BA%BA%E6%90%9C%E5%87%BA%E6%9D%A5%E9%98%85%E8%AF%BB%EF%BC%8C%E6%B1%82%E5%8A%A9%EF%BC%81%E6%80%A5" "Mozilla/5.0 (Windows NT 6.1; WOW64) AppleWebKit/537.36 (KHTML, like Gecko) Chrome/47.0.2526.73 Safari/537.36"
::1 - - [Sun, 03 Jan 2016 10:35:39 GMT] "GET /stylesheets/style.css HTTP/1.1" 304 - "http://localhost:3000/" "Mozilla/5.0 (Windows NT 6.1; WOW64) AppleWebKit/537.36 (KHTML, like Gecko) Chrome/47.0.2526.73 Safari/537.36"
::1 - - [Sun, 03 Jan 2016 10:35:39 GMT] "GET /images/%E4%B8%8A%E5%96%84%E8%8B%A5%E6%B0%B4%E7%BC%A9%E5%BE%AE%E7%89%88.jpg HTTP/1.1" 304 - "http://localhost:3000/" "Mozilla/5.0 (Windows NT 6.1; WOW64) AppleWebKit/537.36 (KHTML, like Gecko) Chrome/47.0.2526.73 Safari/537.36"
::1 - - [Sun, 03 Jan 2016 10:35:43 GMT] "GET /u/gentlesp/2016-1-3/%E5%B7%B2%E7%BB%8F%E8%AE%BE%E7%BD%AE%E4%B8%BA%E7%A7%81%E4%BA%BA%E5%8D%9A%E5%AE%A2%EF%BC%8C%E4%BD%86%E6%96%87%E7%AB%A0%E8%BF%98%E6%98%AF%E8%83%BD%E8%A2%AB%E4%BA%BA%E6%90%9C%E5%87%BA%E6%9D%A5%E9%98%85%E8%AF%BB%EF%BC%8C%E6%B1%82%E5%8A%A9%EF%BC%81%E6%80%A5 HTTP/1.1" 200 2098 "http://localhost:3000/" "Mozilla/5.0 (Windows NT 6.1; WOW64) AppleWebKit/537.36 (KHTML, like Gecko) Chrome/47.0.2526.73 Safari/537.36"
::1 - - [Sun, 03 Jan 2016 10:35:43 GMT] "GET /stylesheets/style.css HTTP/1.1" 304 - "http://localhost:3000/u/gentlesp/2016-1-3/%E5%B7%B2%E7%BB%8F%E8%AE%BE%E7%BD%AE%E4%B8%BA%E7%A7%81%E4%BA%BA%E5%8D%9A%E5%AE%A2%EF%BC%8C%E4%BD%86%E6%96%87%E7%AB%A0%E8%BF%98%E6%98%AF%E8%83%BD%E8%A2%AB%E4%BA%BA%E6%90%9C%E5%87%BA%E6%9D%A5%E9%98%85%E8%AF%BB%EF%BC%8C%E6%B1%82%E5%8A%A9%EF%BC%81%E6%80%A5" "Mozilla/5.0 (Windows NT 6.1; WOW64) AppleWebKit/537.36 (KHTML, like Gecko) Chrome/47.0.2526.73 Safari/537.36"
::1 - - [Sun, 03 Jan 2016 10:35:45 GMT] "GET /reprint/gentlesp/2016-1-3/%E5%B7%B2%E7%BB%8F%E8%AE%BE%E7%BD%AE%E4%B8%BA%E7%A7%81%E4%BA%BA%E5%8D%9A%E5%AE%A2%EF%BC%8C%E4%BD%86%E6%96%87%E7%AB%A0%E8%BF%98%E6%98%AF%E8%83%BD%E8%A2%AB%E4%BA%BA%E6%90%9C%E5%87%BA%E6%9D%A5%E9%98%85%E8%AF%BB%EF%BC%8C%E6%B1%82%E5%8A%A9%EF%BC%81%E6%80%A5 HTTP/1.1" 302 640 "http://localhost:3000/u/gentlesp/2016-1-3/%E5%B7%B2%E7%BB%8F%E8%AE%BE%E7%BD%AE%E4%B8%BA%E7%A7%81%E4%BA%BA%E5%8D%9A%E5%AE%A2%EF%BC%8C%E4%BD%86%E6%96%87%E7%AB%A0%E8%BF%98%E6%98%AF%E8%83%BD%E8%A2%AB%E4%BA%BA%E6%90%9C%E5%87%BA%E6%9D%A5%E9%98%85%E8%AF%BB%EF%BC%8C%E6%B1%82%E5%8A%A9%EF%BC%81%E6%80%A5" "Mozilla/5.0 (Windows NT 6.1; WOW64) AppleWebKit/537.36 (KHTML, like Gecko) Chrome/47.0.2526.73 Safari/537.36"
::1 - - [Sun, 03 Jan 2016 10:35:45 GMT] "GET /u/chenlocus/2016-1-3/%5B%E8%BD%AC%E8%BD%BD%5D%E5%B7%B2%E7%BB%8F%E8%AE%BE%E7%BD%AE%E4%B8%BA%E7%A7%81%E4%BA%BA%E5%8D%9A%E5%AE%A2%EF%BC%8C%E4%BD%86%E6%96%87%E7%AB%A0%E8%BF%98%E6%98%AF%E8%83%BD%E8%A2%AB%E4%BA%BA%E6%90%9C%E5%87%BA%E6%9D%A5%E9%98%85%E8%AF%BB%EF%BC%8C%E6%B1%82%E5%8A%A9%EF%BC%81%E6%80%A5 HTTP/1.1" 200 2424 "http://localhost:3000/u/gentlesp/2016-1-3/%E5%B7%B2%E7%BB%8F%E8%AE%BE%E7%BD%AE%E4%B8%BA%E7%A7%81%E4%BA%BA%E5%8D%9A%E5%AE%A2%EF%BC%8C%E4%BD%86%E6%96%87%E7%AB%A0%E8%BF%98%E6%98%AF%E8%83%BD%E8%A2%AB%E4%BA%BA%E6%90%9C%E5%87%BA%E6%9D%A5%E9%98%85%E8%AF%BB%EF%BC%8C%E6%B1%82%E5%8A%A9%EF%BC%81%E6%80%A5" "Mozilla/5.0 (Windows NT 6.1; WOW64) AppleWebKit/537.36 (KHTML, like Gecko) Chrome/47.0.2526.73 Safari/537.36"
::1 - - [Sun, 03 Jan 2016 10:35:45 GMT] "GET /stylesheets/style.css HTTP/1.1" 304 - "http://localhost:3000/u/chenlocus/2016-1-3/%5B%E8%BD%AC%E8%BD%BD%5D%E5%B7%B2%E7%BB%8F%E8%AE%BE%E7%BD%AE%E4%B8%BA%E7%A7%81%E4%BA%BA%E5%8D%9A%E5%AE%A2%EF%BC%8C%E4%BD%86%E6%96%87%E7%AB%A0%E8%BF%98%E6%98%AF%E8%83%BD%E8%A2%AB%E4%BA%BA%E6%90%9C%E5%87%BA%E6%9D%A5%E9%98%85%E8%AF%BB%EF%BC%8C%E6%B1%82%E5%8A%A9%EF%BC%81%E6%80%A5" "Mozilla/5.0 (Windows NT 6.1; WOW64) AppleWebKit/537.36 (KHTML, like Gecko) Chrome/47.0.2526.73 Safari/537.36"
::1 - - [Sun, 03 Jan 2016 10:35:47 GMT] "GET /remove/chenlocus/2016-1-3/[%E8%BD%AC%E8%BD%BD]%E5%B7%B2%E7%BB%8F%E8%AE%BE%E7%BD%AE%E4%B8%BA%E7%A7%81%E4%BA%BA%E5%8D%9A%E5%AE%A2%EF%BC%8C%E4%BD%86%E6%96%87%E7%AB%A0%E8%BF%98%E6%98%AF%E8%83%BD%E8%A2%AB%E4%BA%BA%E6%90%9C%E5%87%BA%E6%9D%A5%E9%98%85%E8%AF%BB%EF%BC%8C%E6%B1%82%E5%8A%A9%EF%BC%81%E6%80%A5 HTTP/1.1" 302 46 "http://localhost:3000/u/chenlocus/2016-1-3/%5B%E8%BD%AC%E8%BD%BD%5D%E5%B7%B2%E7%BB%8F%E8%AE%BE%E7%BD%AE%E4%B8%BA%E7%A7%81%E4%BA%BA%E5%8D%9A%E5%AE%A2%EF%BC%8C%E4%BD%86%E6%96%87%E7%AB%A0%E8%BF%98%E6%98%AF%E8%83%BD%E8%A2%AB%E4%BA%BA%E6%90%9C%E5%87%BA%E6%9D%A5%E9%98%85%E8%AF%BB%EF%BC%8C%E6%B1%82%E5%8A%A9%EF%BC%81%E6%80%A5" "Mozilla/5.0 (Windows NT 6.1; WOW64) AppleWebKit/537.36 (KHTML, like Gecko) Chrome/47.0.2526.73 Safari/537.36"
::1 - - [Sun, 03 Jan 2016 10:35:47 GMT] "GET / HTTP/1.1" 200 17128 "http://localhost:3000/u/chenlocus/2016-1-3/%5B%E8%BD%AC%E8%BD%BD%5D%E5%B7%B2%E7%BB%8F%E8%AE%BE%E7%BD%AE%E4%B8%BA%E7%A7%81%E4%BA%BA%E5%8D%9A%E5%AE%A2%EF%BC%8C%E4%BD%86%E6%96%87%E7%AB%A0%E8%BF%98%E6%98%AF%E8%83%BD%E8%A2%AB%E4%BA%BA%E6%90%9C%E5%87%BA%E6%9D%A5%E9%98%85%E8%AF%BB%EF%BC%8C%E6%B1%82%E5%8A%A9%EF%BC%81%E6%80%A5" "Mozilla/5.0 (Windows NT 6.1; WOW64) AppleWebKit/537.36 (KHTML, like Gecko) Chrome/47.0.2526.73 Safari/537.36"
::1 - - [Sun, 03 Jan 2016 10:35:47 GMT] "GET /stylesheets/style.css HTTP/1.1" 304 - "http://localhost:3000/" "Mozilla/5.0 (Windows NT 6.1; WOW64) AppleWebKit/537.36 (KHTML, like Gecko) Chrome/47.0.2526.73 Safari/537.36"
::1 - - [Sun, 03 Jan 2016 10:35:47 GMT] "GET /images/%E4%B8%8A%E5%96%84%E8%8B%A5%E6%B0%B4%E7%BC%A9%E5%BE%AE%E7%89%88.jpg HTTP/1.1" 304 - "http://localhost:3000/" "Mozilla/5.0 (Windows NT 6.1; WOW64) AppleWebKit/537.36 (KHTML, like Gecko) Chrome/47.0.2526.73 Safari/537.36"
::1 - - [Sun, 03 Jan 2016 10:35:50 GMT] "GET / HTTP/1.1" 200 17100 "http://localhost:3000/" "Mozilla/5.0 (Windows NT 6.1; WOW64) AppleWebKit/537.36 (KHTML, like Gecko) Chrome/47.0.2526.73 Safari/537.36"
::1 - - [Sun, 03 Jan 2016 10:35:50 GMT] "GET /stylesheets/style.css HTTP/1.1" 304 - "http://localhost:3000/" "Mozilla/5.0 (Windows NT 6.1; WOW64) AppleWebKit/537.36 (KHTML, like Gecko) Chrome/47.0.2526.73 Safari/537.36"
::1 - - [Sun, 03 Jan 2016 10:35:50 GMT] "GET /images/%E4%B8%8A%E5%96%84%E8%8B%A5%E6%B0%B4%E7%BC%A9%E5%BE%AE%E7%89%88.jpg HTTP/1.1" 304 - "http://localhost:3000/" "Mozilla/5.0 (Windows NT 6.1; WOW64) AppleWebKit/537.36 (KHTML, like Gecko) Chrome/47.0.2526.73 Safari/537.36"
::1 - - [Sun, 03 Jan 2016 10:35:59 GMT] "GET /u/gentlesp/2016-1-3/[%E8%BD%AC%E8%BD%BD]%E4%B8%87%E7%A7%91%E5%AE%89%E9%82%A6%E6%B7%B1%E5%A4%9C%E8%A1%A8%E6%80%81%E4%BA%92%E7%9B%B8%E6%94%AF%E6%8C%81%20%E5%AE%A3%E5%B8%83%E8%81%94%E6%89%8B HTTP/1.1" 200 6423 "http://localhost:3000/" "Mozilla/5.0 (Windows NT 6.1; WOW64) AppleWebKit/537.36 (KHTML, like Gecko) Chrome/47.0.2526.73 Safari/537.36"
::1 - - [Sun, 03 Jan 2016 10:35:59 GMT] "GET /stylesheets/style.css HTTP/1.1" 304 - "http://localhost:3000/u/gentlesp/2016-1-3/[%E8%BD%AC%E8%BD%BD]%E4%B8%87%E7%A7%91%E5%AE%89%E9%82%A6%E6%B7%B1%E5%A4%9C%E8%A1%A8%E6%80%81%E4%BA%92%E7%9B%B8%E6%94%AF%E6%8C%81%20%E5%AE%A3%E5%B8%83%E8%81%94%E6%89%8B" "Mozilla/5.0 (Windows NT 6.1; WOW64) AppleWebKit/537.36 (KHTML, like Gecko) Chrome/47.0.2526.73 Safari/537.36"
::1 - - [Sun, 03 Jan 2016 10:36:17 GMT] "GET /u/gentlesp/2016-1-3/[%E8%BD%AC%E8%BD%BD]2016%E5%B9%B41%E6%9C%881%E6%97%A5 HTTP/1.1" 200 2100 "http://localhost:3000/" "Mozilla/5.0 (Windows NT 6.1; WOW64) AppleWebKit/537.36 (KHTML, like Gecko) Chrome/47.0.2526.73 Safari/537.36"
::1 - - [Sun, 03 Jan 2016 10:36:17 GMT] "GET /stylesheets/style.css HTTP/1.1" 304 - "http://localhost:3000/u/gentlesp/2016-1-3/[%E8%BD%AC%E8%BD%BD]2016%E5%B9%B41%E6%9C%881%E6%97%A5" "Mozilla/5.0 (Windows NT 6.1; WOW64) AppleWebKit/537.36 (KHTML, like Gecko) Chrome/47.0.2526.73 Safari/537.36"
::1 - - [Sun, 03 Jan 2016 11:14:31 GMT] "GET /post HTTP/1.1" 200 1098 "http://localhost:3000/" "Mozilla/5.0 (Windows NT 6.1; WOW64) AppleWebKit/537.36 (KHTML, like Gecko) Chrome/47.0.2526.73 Safari/537.36"
::1 - - [Sun, 03 Jan 2016 11:14:31 GMT] "GET /stylesheets/style.css HTTP/1.1" 304 - "http://localhost:3000/post" "Mozilla/5.0 (Windows NT 6.1; WOW64) AppleWebKit/537.36 (KHTML, like Gecko) Chrome/47.0.2526.73 Safari/537.36"
::1 - - [Sun, 03 Jan 2016 11:14:33 GMT] "GET / HTTP/1.1" 200 17100 "http://localhost:3000/post" "Mozilla/5.0 (Windows NT 6.1; WOW64) AppleWebKit/537.36 (KHTML, like Gecko) Chrome/47.0.2526.73 Safari/537.36"
::1 - - [Sun, 03 Jan 2016 11:14:33 GMT] "GET /stylesheets/style.css HTTP/1.1" 304 - "http://localhost:3000/" "Mozilla/5.0 (Windows NT 6.1; WOW64) AppleWebKit/537.36 (KHTML, like Gecko) Chrome/47.0.2526.73 Safari/537.36"
::1 - - [Sun, 03 Jan 2016 11:14:33 GMT] "GET /images/%E4%B8%8A%E5%96%84%E8%8B%A5%E6%B0%B4%E7%BC%A9%E5%BE%AE%E7%89%88.jpg HTTP/1.1" 304 - "http://localhost:3000/" "Mozilla/5.0 (Windows NT 6.1; WOW64) AppleWebKit/537.36 (KHTML, like Gecko) Chrome/47.0.2526.73 Safari/537.36"
::1 - - [Sun, 03 Jan 2016 11:14:39 GMT] "GET /u/gentlesp/2016-1-3/%E5%B7%B2%E7%BB%8F%E8%AE%BE%E7%BD%AE%E4%B8%BA%E7%A7%81%E4%BA%BA%E5%8D%9A%E5%AE%A2%EF%BC%8C%E4%BD%86%E6%96%87%E7%AB%A0%E8%BF%98%E6%98%AF%E8%83%BD%E8%A2%AB%E4%BA%BA%E6%90%9C%E5%87%BA%E6%9D%A5%E9%98%85%E8%AF%BB%EF%BC%8C%E6%B1%82%E5%8A%A9%EF%BC%81%E6%80%A5 HTTP/1.1" 200 2110 "http://localhost:3000/" "Mozilla/5.0 (Windows NT 6.1; WOW64) AppleWebKit/537.36 (KHTML, like Gecko) Chrome/47.0.2526.73 Safari/537.36"
::1 - - [Sun, 03 Jan 2016 11:14:39 GMT] "GET /stylesheets/style.css HTTP/1.1" 304 - "http://localhost:3000/u/gentlesp/2016-1-3/%E5%B7%B2%E7%BB%8F%E8%AE%BE%E7%BD%AE%E4%B8%BA%E7%A7%81%E4%BA%BA%E5%8D%9A%E5%AE%A2%EF%BC%8C%E4%BD%86%E6%96%87%E7%AB%A0%E8%BF%98%E6%98%AF%E8%83%BD%E8%A2%AB%E4%BA%BA%E6%90%9C%E5%87%BA%E6%9D%A5%E9%98%85%E8%AF%BB%EF%BC%8C%E6%B1%82%E5%8A%A9%EF%BC%81%E6%80%A5" "Mozilla/5.0 (Windows NT 6.1; WOW64) AppleWebKit/537.36 (KHTML, like Gecko) Chrome/47.0.2526.73 Safari/537.36"
::1 - - [Sun, 03 Jan 2016 11:14:43 GMT] "GET / HTTP/1.1" 200 17100 "http://localhost:3000/u/gentlesp/2016-1-3/%E5%B7%B2%E7%BB%8F%E8%AE%BE%E7%BD%AE%E4%B8%BA%E7%A7%81%E4%BA%BA%E5%8D%9A%E5%AE%A2%EF%BC%8C%E4%BD%86%E6%96%87%E7%AB%A0%E8%BF%98%E6%98%AF%E8%83%BD%E8%A2%AB%E4%BA%BA%E6%90%9C%E5%87%BA%E6%9D%A5%E9%98%85%E8%AF%BB%EF%BC%8C%E6%B1%82%E5%8A%A9%EF%BC%81%E6%80%A5" "Mozilla/5.0 (Windows NT 6.1; WOW64) AppleWebKit/537.36 (KHTML, like Gecko) Chrome/47.0.2526.73 Safari/537.36"
::1 - - [Sun, 03 Jan 2016 11:14:43 GMT] "GET /stylesheets/style.css HTTP/1.1" 304 - "http://localhost:3000/" "Mozilla/5.0 (Windows NT 6.1; WOW64) AppleWebKit/537.36 (KHTML, like Gecko) Chrome/47.0.2526.73 Safari/537.36"
::1 - - [Sun, 03 Jan 2016 11:14:43 GMT] "GET /images/%E4%B8%8A%E5%96%84%E8%8B%A5%E6%B0%B4%E7%BC%A9%E5%BE%AE%E7%89%88.jpg HTTP/1.1" 304 - "http://localhost:3000/" "Mozilla/5.0 (Windows NT 6.1; WOW64) AppleWebKit/537.36 (KHTML, like Gecko) Chrome/47.0.2526.73 Safari/537.36"
::1 - - [Sun, 03 Jan 2016 11:14:53 GMT] "GET /u/gentlesp/2016-1-3/[%E8%BD%AC%E8%BD%BD]%E4%B8%87%E7%A7%91%E5%AE%89%E9%82%A6%E6%B7%B1%E5%A4%9C%E8%A1%A8%E6%80%81%E4%BA%92%E7%9B%B8%E6%94%AF%E6%8C%81%20%E5%AE%A3%E5%B8%83%E8%81%94%E6%89%8B HTTP/1.1" 200 6423 "http://localhost:3000/" "Mozilla/5.0 (Windows NT 6.1; WOW64) AppleWebKit/537.36 (KHTML, like Gecko) Chrome/47.0.2526.73 Safari/537.36"
::1 - - [Sun, 03 Jan 2016 11:14:53 GMT] "GET /stylesheets/style.css HTTP/1.1" 304 - "http://localhost:3000/u/gentlesp/2016-1-3/[%E8%BD%AC%E8%BD%BD]%E4%B8%87%E7%A7%91%E5%AE%89%E9%82%A6%E6%B7%B1%E5%A4%9C%E8%A1%A8%E6%80%81%E4%BA%92%E7%9B%B8%E6%94%AF%E6%8C%81%20%E5%AE%A3%E5%B8%83%E8%81%94%E6%89%8B" "Mozilla/5.0 (Windows NT 6.1; WOW64) AppleWebKit/537.36 (KHTML, like Gecko) Chrome/47.0.2526.73 Safari/537.36"
::1 - - [Sun, 03 Jan 2016 11:15:08 GMT] "GET / HTTP/1.1" 200 17100 "http://localhost:3000/" "Mozilla/5.0 (Windows NT 6.1; WOW64; Trident/7.0; rv:11.0) like Gecko"
::1 - - [Sun, 03 Jan 2016 11:15:08 GMT] "GET /stylesheets/style.css HTTP/1.1" 304 - "http://localhost:3000/" "Mozilla/5.0 (Windows NT 6.1; WOW64; Trident/7.0; rv:11.0) like Gecko"
::1 - - [Sun, 03 Jan 2016 11:15:08 GMT] "GET /images/%E4%B8%8A%E5%96%84%E8%8B%A5%E6%B0%B4%E7%BC%A9%E5%BE%AE%E7%89%88.jpg HTTP/1.1" 304 - "http://localhost:3000/" "Mozilla/5.0 (Windows NT 6.1; WOW64; Trident/7.0; rv:11.0) like Gecko"
::1 - - [Sun, 03 Jan 2016 11:16:03 GMT] "GET /u/gentlesp/2016-1-3/[%E8%BD%AC%E8%BD%BD]%E4%B8%87%E7%A7%91%E5%AE%89%E9%82%A6%E6%B7%B1%E5%A4%9C%E8%A1%A8%E6%80%81%E4%BA%92%E7%9B%B8%E6%94%AF%E6%8C%81%20%E5%AE%A3%E5%B8%83%E8%81%94%E6%89%8B HTTP/1.1" 200 6675 "http://localhost:3000/" "Mozilla/5.0 (Windows NT 6.1; WOW64; Trident/7.0; rv:11.0) like Gecko"
::1 - - [Sun, 03 Jan 2016 11:16:03 GMT] "GET /stylesheets/style.css HTTP/1.1" 304 - "http://localhost:3000/u/gentlesp/2016-1-3/[转载]万科安邦深夜表态互相支持%20宣布联手" "Mozilla/5.0 (Windows NT 6.1; WOW64; Trident/7.0; rv:11.0) like Gecko"
::1 - - [Sun, 03 Jan 2016 11:16:05 GMT] "GET /remove/gentlesp/2016-1-3/[%E8%BD%AC%E8%BD%BD]%E4%B8%87%E7%A7%91%E5%AE%89%E9%82%A6%E6%B7%B1%E5%A4%9C%E8%A1%A8%E6%80%81%E4%BA%92%E7%9B%B8%E6%94%AF%E6%8C%81%20%E5%AE%A3%E5%B8%83%E8%81%94%E6%89%8B HTTP/1.1" 302 46 "http://localhost:3000/u/gentlesp/2016-1-3/[转载]万科安邦深夜表态互相支持%20宣布联手" "Mozilla/5.0 (Windows NT 6.1; WOW64; Trident/7.0; rv:11.0) like Gecko"
::1 - - [Sun, 03 Jan 2016 11:16:05 GMT] "GET / HTTP/1.1" 200 11585 "http://localhost:3000/u/gentlesp/2016-1-3/[转载]万科安邦深夜表态互相支持%20宣布联手" "Mozilla/5.0 (Windows NT 6.1; WOW64; Trident/7.0; rv:11.0) like Gecko"
::1 - - [Sun, 03 Jan 2016 11:16:05 GMT] "GET /stylesheets/style.css HTTP/1.1" 304 - "http://localhost:3000/" "Mozilla/5.0 (Windows NT 6.1; WOW64; Trident/7.0; rv:11.0) like Gecko"
::1 - - [Sun, 03 Jan 2016 11:16:05 GMT] "GET /images/%E4%B8%8A%E5%96%84%E8%8B%A5%E6%B0%B4%E7%BC%A9%E5%BE%AE%E7%89%88.jpg HTTP/1.1" 304 - "http://localhost:3000/" "Mozilla/5.0 (Windows NT 6.1; WOW64; Trident/7.0; rv:11.0) like Gecko"
::1 - - [Sun, 03 Jan 2016 11:16:18 GMT] "GET / HTTP/1.1" 200 11557 "http://localhost:3000/" "Mozilla/5.0 (Windows NT 6.1; WOW64; Trident/7.0; rv:11.0) like Gecko"
::1 - - [Sun, 03 Jan 2016 11:16:18 GMT] "GET /stylesheets/style.css HTTP/1.1" 304 - "http://localhost:3000/" "Mozilla/5.0 (Windows NT 6.1; WOW64; Trident/7.0; rv:11.0) like Gecko"
::1 - - [Sun, 03 Jan 2016 11:16:18 GMT] "GET /images/%E4%B8%8A%E5%96%84%E8%8B%A5%E6%B0%B4%E7%BC%A9%E5%BE%AE%E7%89%88.jpg HTTP/1.1" 304 - "http://localhost:3000/" "Mozilla/5.0 (Windows NT 6.1; WOW64; Trident/7.0; rv:11.0) like Gecko"
::1 - - [Sun, 03 Jan 2016 11:16:23 GMT] "GET /u/gentlesp/2016-1-3/[%E8%BD%AC%E8%BD%BD]2016%E5%B9%B41%E6%9C%881%E6%97%A5 HTTP/1.1" 200 2284 "http://localhost:3000/" "Mozilla/5.0 (Windows NT 6.1; WOW64; Trident/7.0; rv:11.0) like Gecko"
::1 - - [Sun, 03 Jan 2016 11:16:23 GMT] "GET /stylesheets/style.css HTTP/1.1" 304 - "http://localhost:3000/u/gentlesp/2016-1-3/[转载]2016年1月1日" "Mozilla/5.0 (Windows NT 6.1; WOW64; Trident/7.0; rv:11.0) like Gecko"
::1 - - [Sun, 03 Jan 2016 11:16:25 GMT] "GET /remove/gentlesp/2016-1-3/[%E8%BD%AC%E8%BD%BD]2016%E5%B9%B41%E6%9C%881%E6%97%A5 HTTP/1.1" 302 46 "http://localhost:3000/u/gentlesp/2016-1-3/[转载]2016年1月1日" "Mozilla/5.0 (Windows NT 6.1; WOW64; Trident/7.0; rv:11.0) like Gecko"
::1 - - [Sun, 03 Jan 2016 11:16:25 GMT] "GET / HTTP/1.1" 200 10399 "http://localhost:3000/u/gentlesp/2016-1-3/[转载]2016年1月1日" "Mozilla/5.0 (Windows NT 6.1; WOW64; Trident/7.0; rv:11.0) like Gecko"
::1 - - [Sun, 03 Jan 2016 11:16:25 GMT] "GET /stylesheets/style.css HTTP/1.1" 304 - "http://localhost:3000/" "Mozilla/5.0 (Windows NT 6.1; WOW64; Trident/7.0; rv:11.0) like Gecko"
::1 - - [Sun, 03 Jan 2016 11:16:25 GMT] "GET /images/%E4%B8%8A%E5%96%84%E8%8B%A5%E6%B0%B4%E7%BC%A9%E5%BE%AE%E7%89%88.jpg HTTP/1.1" 304 - "http://localhost:3000/" "Mozilla/5.0 (Windows NT 6.1; WOW64; Trident/7.0; rv:11.0) like Gecko"
::1 - - [Sun, 03 Jan 2016 11:16:27 GMT] "GET / HTTP/1.1" 200 10371 "http://localhost:3000/" "Mozilla/5.0 (Windows NT 6.1; WOW64; Trident/7.0; rv:11.0) like Gecko"
::1 - - [Sun, 03 Jan 2016 11:16:27 GMT] "GET /stylesheets/style.css HTTP/1.1" 304 - "http://localhost:3000/" "Mozilla/5.0 (Windows NT 6.1; WOW64; Trident/7.0; rv:11.0) like Gecko"
::1 - - [Sun, 03 Jan 2016 11:16:27 GMT] "GET /images/%E4%B8%8A%E5%96%84%E8%8B%A5%E6%B0%B4%E7%BC%A9%E5%BE%AE%E7%89%88.jpg HTTP/1.1" 304 - "http://localhost:3000/" "Mozilla/5.0 (Windows NT 6.1; WOW64; Trident/7.0; rv:11.0) like Gecko"
::1 - - [Sun, 03 Jan 2016 11:23:51 GMT] "GET /logout HTTP/1.1" 302 46 "http://localhost:3000/" "Mozilla/5.0 (Windows NT 6.1; WOW64) AppleWebKit/537.36 (KHTML, like Gecko) Chrome/47.0.2526.73 Safari/537.36"
::1 - - [Sun, 03 Jan 2016 11:23:51 GMT] "GET / HTTP/1.1" 200 10341 "http://localhost:3000/" "Mozilla/5.0 (Windows NT 6.1; WOW64) AppleWebKit/537.36 (KHTML, like Gecko) Chrome/47.0.2526.73 Safari/537.36"
::1 - - [Sun, 03 Jan 2016 11:23:51 GMT] "GET /stylesheets/style.css HTTP/1.1" 304 - "http://localhost:3000/" "Mozilla/5.0 (Windows NT 6.1; WOW64) AppleWebKit/537.36 (KHTML, like Gecko) Chrome/47.0.2526.73 Safari/537.36"
::1 - - [Sun, 03 Jan 2016 11:23:51 GMT] "GET /images/%E4%B8%8A%E5%96%84%E8%8B%A5%E6%B0%B4%E7%BC%A9%E5%BE%AE%E7%89%88.jpg HTTP/1.1" 304 - "http://localhost:3000/" "Mozilla/5.0 (Windows NT 6.1; WOW64) AppleWebKit/537.36 (KHTML, like Gecko) Chrome/47.0.2526.73 Safari/537.36"
::1 - - [Sun, 03 Jan 2016 11:23:53 GMT] "GET / HTTP/1.1" 200 10313 "http://localhost:3000/" "Mozilla/5.0 (Windows NT 6.1; WOW64) AppleWebKit/537.36 (KHTML, like Gecko) Chrome/47.0.2526.73 Safari/537.36"
::1 - - [Sun, 03 Jan 2016 11:23:53 GMT] "GET /stylesheets/style.css HTTP/1.1" 304 - "http://localhost:3000/" "Mozilla/5.0 (Windows NT 6.1; WOW64) AppleWebKit/537.36 (KHTML, like Gecko) Chrome/47.0.2526.73 Safari/537.36"
::1 - - [Sun, 03 Jan 2016 11:23:53 GMT] "GET /images/%E4%B8%8A%E5%96%84%E8%8B%A5%E6%B0%B4%E7%BC%A9%E5%BE%AE%E7%89%88.jpg HTTP/1.1" 304 - "http://localhost:3000/" "Mozilla/5.0 (Windows NT 6.1; WOW64) AppleWebKit/537.36 (KHTML, like Gecko) Chrome/47.0.2526.73 Safari/537.36"
