[Thu Dec 24 2015 11:38:37 GMT+1100 (澳大利亚东部夏令时)] /stylesheets/style.css
Error: Error setting TTL index on collection : sessions
    at D:\node\N-blog-master\node_modules\connect-mongo\lib\connect-mongo.js:161:23
    at D:\node\N-blog-master\node_modules\connect-mongo\node_modules\mongodb\lib\mongodb\db.js:1404:28
    at D:\node\N-blog-master\node_modules\connect-mongo\node_modules\mongodb\lib\mongodb\db.js:1542:30
    at D:\node\N-blog-master\node_modules\connect-mongo\node_modules\mongodb\lib\mongodb\cursor.js:159:22
    at commandHandler (D:\node\N-blog-master\node_modules\connect-mongo\node_modules\mongodb\lib\mongodb\cursor.js:678:48)
    at D:\node\N-blog-master\node_modules\connect-mongo\node_modules\mongodb\lib\mongodb\db.js:1806:9
    at __executeQueryCommand (D:\node\N-blog-master\node_modules\connect-mongo\node_modules\mongodb\lib\mongodb\db.js:1636:44)
    at Db._executeQueryCommand (D:\node\N-blog-master\node_modules\connect-mongo\node_modules\mongodb\lib\mongodb\db.js:1805:7)
    at Cursor.nextObject (D:\node\N-blog-master\node_modules\connect-mongo\node_modules\mongodb\lib\mongodb\cursor.js:729:13)
    at Cursor.toArray (D:\node\N-blog-master\node_modules\connect-mongo\node_modules\mongodb\lib\mongodb\cursor.js:158:10)
[Thu Dec 24 2015 14:44:42 GMT+1100 (澳大利亚东部夏令时)] /stylesheets/style.css
Error: Error setting TTL index on collection : sessions
    at D:\node\N-blog-master\node_modules\connect-mongo\lib\connect-mongo.js:161:23
    at D:\node\N-blog-master\node_modules\connect-mongo\node_modules\mongodb\lib\mongodb\db.js:1404:28
    at D:\node\N-blog-master\node_modules\connect-mongo\node_modules\mongodb\lib\mongodb\db.js:1542:30
    at D:\node\N-blog-master\node_modules\connect-mongo\node_modules\mongodb\lib\mongodb\cursor.js:159:22
    at commandHandler (D:\node\N-blog-master\node_modules\connect-mongo\node_modules\mongodb\lib\mongodb\cursor.js:678:48)
    at D:\node\N-blog-master\node_modules\connect-mongo\node_modules\mongodb\lib\mongodb\db.js:1806:9
    at __executeQueryCommand (D:\node\N-blog-master\node_modules\connect-mongo\node_modules\mongodb\lib\mongodb\db.js:1636:44)
    at Db._executeQueryCommand (D:\node\N-blog-master\node_modules\connect-mongo\node_modules\mongodb\lib\mongodb\db.js:1805:7)
    at Cursor.nextObject (D:\node\N-blog-master\node_modules\connect-mongo\node_modules\mongodb\lib\mongodb\cursor.js:729:13)
    at Cursor.toArray (D:\node\N-blog-master\node_modules\connect-mongo\node_modules\mongodb\lib\mongodb\cursor.js:158:10)
[Fri Jan 01 2016 21:44:16 GMT+1100 (澳大利亚东部夏令时)] /links
Error: no open connections
    at Db._executeQueryCommand (D:\node\myblog\node_modules\connect-mongo\node_modules\mongodb\lib\mongodb\db.js:1802:21)
    at Cursor.nextObject (D:\node\myblog\node_modules\connect-mongo\node_modules\mongodb\lib\mongodb\cursor.js:729:13)
    at Cursor.nextObject (D:\node\myblog\node_modules\connect-mongo\node_modules\mongodb\lib\mongodb\scope.js:22:20)
    at Collection.findOne (D:\node\myblog\node_modules\connect-mongo\node_modules\mongodb\lib\mongodb\collection\query.js:145:10)
    at D:\node\myblog\node_modules\connect-mongo\lib\connect-mongo.js:215:18
    at MongoStore._get_collection (D:\node\myblog\node_modules\connect-mongo\lib\connect-mongo.js:148:21)
    at MongoStore.get (D:\node\myblog\node_modules\connect-mongo\lib\connect-mongo.js:214:10)
    at session (D:\node\myblog\node_modules\express-session\index.js:356:11)
    at Layer.handle [as handle_request] (D:\node\myblog\node_modules\express\lib\router\layer.js:82:5)
    at trim_prefix (D:\node\myblog\node_modules\express\lib\router\index.js:271:13)
[Fri Jan 01 2016 21:44:19 GMT+1100 (澳大利亚东部夏令时)] /login
Error: no open connections
    at Db._executeQueryCommand (D:\node\myblog\node_modules\connect-mongo\node_modules\mongodb\lib\mongodb\db.js:1802:21)
    at Cursor.nextObject (D:\node\myblog\node_modules\connect-mongo\node_modules\mongodb\lib\mongodb\cursor.js:729:13)
    at Cursor.nextObject (D:\node\myblog\node_modules\connect-mongo\node_modules\mongodb\lib\mongodb\scope.js:22:20)
    at Collection.findOne (D:\node\myblog\node_modules\connect-mongo\node_modules\mongodb\lib\mongodb\collection\query.js:145:10)
    at D:\node\myblog\node_modules\connect-mongo\lib\connect-mongo.js:215:18
    at MongoStore._get_collection (D:\node\myblog\node_modules\connect-mongo\lib\connect-mongo.js:148:21)
    at MongoStore.get (D:\node\myblog\node_modules\connect-mongo\lib\connect-mongo.js:214:10)
    at session (D:\node\myblog\node_modules\express-session\index.js:356:11)
    at Layer.handle [as handle_request] (D:\node\myblog\node_modules\express\lib\router\layer.js:82:5)
    at trim_prefix (D:\node\myblog\node_modules\express\lib\router\index.js:271:13)
[Fri Jan 01 2016 21:44:23 GMT+1100 (澳大利亚东部夏令时)] /
Error: no open connections
    at Db._executeQueryCommand (D:\node\myblog\node_modules\connect-mongo\node_modules\mongodb\lib\mongodb\db.js:1802:21)
    at Cursor.nextObject (D:\node\myblog\node_modules\connect-mongo\node_modules\mongodb\lib\mongodb\cursor.js:729:13)
    at Cursor.nextObject (D:\node\myblog\node_modules\connect-mongo\node_modules\mongodb\lib\mongodb\scope.js:22:20)
    at Collection.findOne (D:\node\myblog\node_modules\connect-mongo\node_modules\mongodb\lib\mongodb\collection\query.js:145:10)
    at D:\node\myblog\node_modules\connect-mongo\lib\connect-mongo.js:215:18
    at MongoStore._get_collection (D:\node\myblog\node_modules\connect-mongo\lib\connect-mongo.js:148:21)
    at MongoStore.get (D:\node\myblog\node_modules\connect-mongo\lib\connect-mongo.js:214:10)
    at session (D:\node\myblog\node_modules\express-session\index.js:356:11)
    at Layer.handle [as handle_request] (D:\node\myblog\node_modules\express\lib\router\layer.js:82:5)
    at trim_prefix (D:\node\myblog\node_modules\express\lib\router\index.js:271:13)
[Fri Jan 01 2016 21:44:32 GMT+1100 (澳大利亚东部夏令时)] /
Error: no open connections
    at Db._executeQueryCommand (D:\node\myblog\node_modules\connect-mongo\node_modules\mongodb\lib\mongodb\db.js:1802:21)
    at Cursor.nextObject (D:\node\myblog\node_modules\connect-mongo\node_modules\mongodb\lib\mongodb\cursor.js:729:13)
    at Cursor.nextObject (D:\node\myblog\node_modules\connect-mongo\node_modules\mongodb\lib\mongodb\scope.js:22:20)
    at Collection.findOne (D:\node\myblog\node_modules\connect-mongo\node_modules\mongodb\lib\mongodb\collection\query.js:145:10)
    at D:\node\myblog\node_modules\connect-mongo\lib\connect-mongo.js:215:18
    at MongoStore._get_collection (D:\node\myblog\node_modules\connect-mongo\lib\connect-mongo.js:148:21)
    at MongoStore.get (D:\node\myblog\node_modules\connect-mongo\lib\connect-mongo.js:214:10)
    at session (D:\node\myblog\node_modules\express-session\index.js:356:11)
    at Layer.handle [as handle_request] (D:\node\myblog\node_modules\express\lib\router\layer.js:82:5)
    at trim_prefix (D:\node\myblog\node_modules\express\lib\router\index.js:271:13)
[Fri Jan 01 2016 21:44:38 GMT+1100 (澳大利亚东部夏令时)] /
Error: no open connections
    at Db._executeQueryCommand (D:\node\myblog\node_modules\connect-mongo\node_modules\mongodb\lib\mongodb\db.js:1802:21)
    at Cursor.nextObject (D:\node\myblog\node_modules\connect-mongo\node_modules\mongodb\lib\mongodb\cursor.js:729:13)
    at Cursor.nextObject (D:\node\myblog\node_modules\connect-mongo\node_modules\mongodb\lib\mongodb\scope.js:22:20)
    at Collection.findOne (D:\node\myblog\node_modules\connect-mongo\node_modules\mongodb\lib\mongodb\collection\query.js:145:10)
    at D:\node\myblog\node_modules\connect-mongo\lib\connect-mongo.js:215:18
    at MongoStore._get_collection (D:\node\myblog\node_modules\connect-mongo\lib\connect-mongo.js:148:21)
    at MongoStore.get (D:\node\myblog\node_modules\connect-mongo\lib\connect-mongo.js:214:10)
    at session (D:\node\myblog\node_modules\express-session\index.js:356:11)
    at Layer.handle [as handle_request] (D:\node\myblog\node_modules\express\lib\router\layer.js:82:5)
    at trim_prefix (D:\node\myblog\node_modules\express\lib\router\index.js:271:13)
[Fri Jan 01 2016 21:44:54 GMT+1100 (澳大利亚东部夏令时)] /
Error: no open connections
    at Db._executeQueryCommand (D:\node\myblog\node_modules\connect-mongo\node_modules\mongodb\lib\mongodb\db.js:1802:21)
    at Cursor.nextObject (D:\node\myblog\node_modules\connect-mongo\node_modules\mongodb\lib\mongodb\cursor.js:729:13)
    at Cursor.nextObject (D:\node\myblog\node_modules\connect-mongo\node_modules\mongodb\lib\mongodb\scope.js:22:20)
    at Collection.findOne (D:\node\myblog\node_modules\connect-mongo\node_modules\mongodb\lib\mongodb\collection\query.js:145:10)
    at D:\node\myblog\node_modules\connect-mongo\lib\connect-mongo.js:215:18
    at MongoStore._get_collection (D:\node\myblog\node_modules\connect-mongo\lib\connect-mongo.js:148:21)
    at MongoStore.get (D:\node\myblog\node_modules\connect-mongo\lib\connect-mongo.js:214:10)
    at session (D:\node\myblog\node_modules\express-session\index.js:356:11)
    at Layer.handle [as handle_request] (D:\node\myblog\node_modules\express\lib\router\layer.js:82:5)
    at trim_prefix (D:\node\myblog\node_modules\express\lib\router\index.js:271:13)
[Fri Jan 01 2016 21:44:59 GMT+1100 (澳大利亚东部夏令时)] /
Error: no open connections
    at Db._executeQueryCommand (D:\node\myblog\node_modules\connect-mongo\node_modules\mongodb\lib\mongodb\db.js:1802:21)
    at Cursor.nextObject (D:\node\myblog\node_modules\connect-mongo\node_modules\mongodb\lib\mongodb\cursor.js:729:13)
    at Cursor.nextObject (D:\node\myblog\node_modules\connect-mongo\node_modules\mongodb\lib\mongodb\scope.js:22:20)
    at Collection.findOne (D:\node\myblog\node_modules\connect-mongo\node_modules\mongodb\lib\mongodb\collection\query.js:145:10)
    at D:\node\myblog\node_modules\connect-mongo\lib\connect-mongo.js:215:18
    at MongoStore._get_collection (D:\node\myblog\node_modules\connect-mongo\lib\connect-mongo.js:148:21)
    at MongoStore.get (D:\node\myblog\node_modules\connect-mongo\lib\connect-mongo.js:214:10)
    at session (D:\node\myblog\node_modules\express-session\index.js:356:11)
    at Layer.handle [as handle_request] (D:\node\myblog\node_modules\express\lib\router\layer.js:82:5)
    at trim_prefix (D:\node\myblog\node_modules\express\lib\router\index.js:271:13)
[Fri Jan 01 2016 21:45:05 GMT+1100 (澳大利亚东部夏令时)] /login
Error: no open connections
    at Db._executeQueryCommand (D:\node\myblog\node_modules\connect-mongo\node_modules\mongodb\lib\mongodb\db.js:1802:21)
    at Cursor.nextObject (D:\node\myblog\node_modules\connect-mongo\node_modules\mongodb\lib\mongodb\cursor.js:729:13)
    at Cursor.nextObject (D:\node\myblog\node_modules\connect-mongo\node_modules\mongodb\lib\mongodb\scope.js:22:20)
    at Collection.findOne (D:\node\myblog\node_modules\connect-mongo\node_modules\mongodb\lib\mongodb\collection\query.js:145:10)
    at D:\node\myblog\node_modules\connect-mongo\lib\connect-mongo.js:215:18
    at MongoStore._get_collection (D:\node\myblog\node_modules\connect-mongo\lib\connect-mongo.js:148:21)
    at MongoStore.get (D:\node\myblog\node_modules\connect-mongo\lib\connect-mongo.js:214:10)
    at session (D:\node\myblog\node_modules\express-session\index.js:356:11)
    at Layer.handle [as handle_request] (D:\node\myblog\node_modules\express\lib\router\layer.js:82:5)
    at trim_prefix (D:\node\myblog\node_modules\express\lib\router\index.js:271:13)
